[0413/110116.702:INFO:installer_main.cc(383)] Opera installer starting - version 52.0.2871.64 Stable
[0413/110116.702:INFO:installer_main.cc(386)] Command line: "C:\Users\Lamija pc\AppData\Local\Programs\Opera\52.0.2871.64\installer.exe" --backend --initial-pid=6404 --install --import-browser-data=1 --enable-stats=1 --enable-installer-stats=1 --launchopera=0 --installfolder="C:\Users\Lamija pc\AppData\Local\Programs\Opera" --profile-folder --language=en --setdefaultbrowser=0 --startmenushortcut=1 --desktopshortcut=0 --quicklaunchshortcut=1 --pintotaskbar=0 --server-tracking-data=server_tracking_data --crash-reporter-pid=6588 --install-subfolder=52.0.2871.64 --package-dir="C:\Users\LAMIJA~1\AppData\Local\Temp\opera autoupdate\CUsersLamija pcAppDataLocalProgramsOpera\installing" --inside-package --session-guid=2751f0a9-02a8-428c-9ca3-ec047854463d --autoupdate --silent
[0413/110116.702:INFO:installer_main.cc(402)] Install folder from command line: C:\Users\Lamija pc\AppData\Local\Programs\Opera
[0413/110116.702:INFO:installer_main.cc(405)] Uninstall:0
[0413/110116.702:INFO:installer_main.cc(406)] Silent:1
[0413/110116.702:INFO:installer_main.cc(407)] Run Immediately0
[0413/110116.702:INFO:installer_main.cc(409)] Backend1
[0413/110116.702:INFO:installer_main.cc(410)] Inside package1
[0413/110116.702:INFO:installer_main.cc(411)] Autoupdate:1
[0413/110116.780:INFO:resource_l10n_handler.cc(101)] Language not in the available languages list: 
[0413/110116.780:INFO:resource_l10n_handler.cc(107)] Trying language from system preferred list: en-US
[0413/110116.780:INFO:resource_l10n_handler.cc(150)] Retrying after adjustments: en-US
[0413/110116.780:INFO:resource_l10n_handler.cc(107)] Trying language from system preferred list: en
[0413/110117.265:INFO:settings_impl.cc(1134)] Install folder set: C:\Users\Lamija pc\AppData\Local\Programs\Opera
[0413/110117.265:INFO:settings_impl.cc(1186)] Operation: 2
[0413/110117.265:INFO:installer.cc(132)] Beginning installation
[0413/110117.265:INFO:installer.cc(414)] Write privileges for install folder: 1
[0413/110117.358:INFO:installer_steps.cc(654)] Removing installed files.
[0413/110117.437:INFO:delete_file_step.cc(30)] Deleting file C:\Users\Lamija pc\AppData\Local\Programs\Opera\52.0.2871.64\files_list
[0413/110117.437:INFO:delete_file_step.cc(30)] Deleting file C:\Users\Lamija pc\AppData\Local\Programs\Opera\52.0.2871.64\root_files_list
[0413/110117.452:INFO:installer_steps.cc(743)] Removing old files from installation root
[0413/110118.515:INFO:installer_steps.cc(773)] Cleaning up registry
[0413/110118.546:INFO:installer_steps.cc(195)] Setting up the registry
[0413/110118.593:INFO:update_shortcuts_step.cc(142)] Updating shortcuts
[0413/110118.780:INFO:installer_steps.cc(286)] Writing installer prefs toC:\Users\Lamija pc\AppData\Local\Programs\Opera\installer_prefs.json
[0413/110118.780:INFO:installer_steps.cc(975)] Preserving previous installer status.
[0413/110118.796:INFO:installer_steps.cc(397)] Installing Components
[0413/110118.874:INFO:os_operations_impl.cc(200)] Setting up file handlers for the current user.
[0413/110118.905:INFO:installer_steps.cc(579)] Creating scheduled task
[0413/110120.844:INFO:installer.cc(618)] Finalizing successful installation
[0413/110120.844:INFO:installer.cc(932)] Installation succeeded
[0413/110120.844:INFO:backend_process_installer_runner_impl.cc(134)] Installer backend exiting
