[0716/151852.752:INFO:installer_main.cc(389)] Opera installer starting - version 54.0.2952.54 Stable
[0716/151852.752:INFO:installer_main.cc(392)] Command line: "C:\Users\LAMIJA~1\AppData\Local\Temp\opera autoupdate\CUsersLamija pcAppDataLocalProgramsOpera\installing\installer.exe" --backend --install --import-browser-data=1 --enable-stats=1 --enable-installer-stats=1 --launchopera=0 --installfolder="C:\Users\Lamija pc\AppData\Local\Programs\Opera" --profile-folder --language=en --setdefaultbrowser=0 --startmenushortcut=1 --desktopshortcut=0 --quicklaunchshortcut=1 --pintotaskbar=0 --server-tracking-data=server_tracking_data --initial-pid=3292 --crash-reporter-pid=2616 --package-dir="C:\Users\LAMIJA~1\AppData\Local\Temp\opera autoupdate\CUsersLamija pcAppDataLocalProgramsOpera\installing" --inside-package --session-guid=74d21aea-2970-4ec2-a055-f986bbbf903f --autoupdate --silent --wait-for-package --initial-proc-handle=0405000000000000
[0716/151852.752:INFO:installer_main.cc(408)] Install folder from command line: C:\Users\Lamija pc\AppData\Local\Programs\Opera
[0716/151852.752:INFO:installer_main.cc(411)] Uninstall:0
[0716/151852.752:INFO:installer_main.cc(412)] Silent:1
[0716/151852.752:INFO:installer_main.cc(413)] Run Immediately0
[0716/151852.752:INFO:installer_main.cc(415)] Backend1
[0716/151852.752:INFO:installer_main.cc(416)] Inside package1
[0716/151852.752:INFO:installer_main.cc(417)] Autoupdate:1
[0716/151852.767:INFO:resource_l10n_handler.cc(101)] Language not in the available languages list: 
[0716/151852.767:INFO:resource_l10n_handler.cc(107)] Trying language from system preferred list: en-US
[0716/151852.767:INFO:resource_l10n_handler.cc(150)] Retrying after adjustments: en-US
[0716/151852.767:INFO:resource_l10n_handler.cc(107)] Trying language from system preferred list: en
[0716/151852.986:INFO:settings_impl.cc(1160)] Install folder set: C:\Users\Lamija pc\AppData\Local\Programs\Opera
[0716/151852.986:INFO:settings_impl.cc(1212)] Operation: 2
[0716/151852.986:INFO:installer.cc(157)] Beginning installation
[0716/151852.986:INFO:installer.cc(461)] Write privileges for install folder: 1
[0716/151853.002:INFO:installer.cc(172)] Need to wait for actual package
[0716/151853.002:INFO:installer.cc(201)] Package is ready
[0716/151857.721:INFO:installer.cc(256)] Running installer from the package with command line: "C:\Users\Lamija pc\AppData\Local\Programs\Opera\54.0.2952.54\installer.exe" --backend --initial-pid=3292 --install --import-browser-data=1 --enable-stats=1 --enable-installer-stats=1 --launchopera=0 --installfolder="C:\Users\Lamija pc\AppData\Local\Programs\Opera" --profile-folder --language=en --setdefaultbrowser=0 --startmenushortcut=1 --desktopshortcut=0 --quicklaunchshortcut=1 --pintotaskbar=0 --server-tracking-data=server_tracking_data --crash-reporter-pid=3364 --install-subfolder=54.0.2952.54 --package-dir="C:\Users\LAMIJA~1\AppData\Local\Temp\opera autoupdate\CUsersLamija pcAppDataLocalProgramsOpera\installing" --inside-package --session-guid=74d21aea-2970-4ec2-a055-f986bbbf903f --autoupdate --silent
[0716/151904.377:INFO:installer.cc(978)] Installation succeeded
[0716/151904.377:INFO:backend_process_installer_runner_impl.cc(134)] Installer backend exiting
[0716/151904.377:ERROR:ipc_sender.cc(104)] Cannot write to mailslot: Reached the end of the file. (0x26)
[0716/151904.377:ERROR:ipc_sender.cc(104)] Cannot write to mailslot: Reached the end of the file. (0x26)
