[1128/231956.338:INFO:installer_main.cc(416)] Opera installer starting - version 56.0.3051.116 Stable
[1128/231956.338:INFO:installer_main.cc(419)] Command line: "C:\Users\Lamija pc\AppData\Local\Programs\Opera\56.0.3051.116\installer.exe" --backend --initial-pid=1492 --install --import-browser-data=1 --enable-stats=1 --enable-installer-stats=1 --launchopera=0 --installfolder="C:\Users\Lamija pc\AppData\Local\Programs\Opera" --profile-folder --language=en --setdefaultbrowser=0 --startmenushortcut=1 --desktopshortcut=0 --quicklaunchshortcut=1 --pintotaskbar=0 --server-tracking-data=server_tracking_data --install-subfolder=56.0.3051.116 --package-dir="C:\Users\LAMIJA~1\AppData\Local\Temp\opera autoupdate\CUsersLamija pcAppDataLocalProgramsOpera\installing" --inside-package --session-guid=481cf1a7-8ce6-420e-ba0b-e1ee24b6f129 --autoupdate --silent
[1128/231956.338:INFO:installer_main.cc(440)] Install folder from command line: C:\Users\Lamija pc\AppData\Local\Programs\Opera
[1128/231956.338:INFO:installer_main.cc(443)] Uninstall:0
[1128/231956.338:INFO:installer_main.cc(444)] Silent:1
[1128/231956.338:INFO:installer_main.cc(445)] Run Immediately0
[1128/231956.338:INFO:installer_main.cc(447)] Backend1
[1128/231956.338:INFO:installer_main.cc(448)] Inside package1
[1128/231956.338:INFO:installer_main.cc(449)] Autoupdate:1
[1128/231956.348:INFO:resource_l10n_handler.cc(101)] Language not in the available languages list: 
[1128/231956.348:INFO:resource_l10n_handler.cc(107)] Trying language from system preferred list: en-US
[1128/231956.348:INFO:resource_l10n_handler.cc(150)] Retrying after adjustments: en-US
[1128/231956.348:INFO:resource_l10n_handler.cc(107)] Trying language from system preferred list: en
[1128/231956.498:INFO:settings_impl.cc(1167)] Install folder set: C:\Users\Lamija pc\AppData\Local\Programs\Opera
[1128/231956.498:INFO:settings_impl.cc(1222)] Operation: 2
[1128/231956.498:INFO:installer.cc(153)] Beginning installation
[1128/231956.498:INFO:installer.cc(437)] Write privileges for install folder: 1
[1128/231956.538:INFO:installer_steps.cc(653)] Removing installed files.
[1128/231958.462:INFO:delete_file_step.cc(31)] Deleting file C:\Users\Lamija pc\AppData\Local\Programs\Opera\56.0.3051.116\files_list
[1128/231958.462:INFO:delete_file_step.cc(31)] Deleting file C:\Users\Lamija pc\AppData\Local\Programs\Opera\56.0.3051.116\root_files_list
[1128/231958.472:INFO:installer_steps.cc(742)] Removing old files from installation root
[1128/231958.852:INFO:installer_steps.cc(772)] Cleaning up registry
[1128/231958.882:INFO:installer_steps.cc(193)] Setting up the registry
[1128/231958.932:INFO:update_shortcuts_step.cc(145)] Updating shortcuts
[1128/231959.508:INFO:installer_steps.cc(279)] Writing installer prefs toC:\Users\Lamija pc\AppData\Local\Programs\Opera\installer_prefs.json
[1128/231959.518:INFO:installer_steps.cc(976)] Preserving previous installer status.
[1128/231959.518:INFO:installer_steps.cc(390)] Installing Components
[1128/231959.518:INFO:protocol_handler_setup_impl.cc(42)] Setting up file handlers for the current user.
[1128/231959.528:INFO:installer_steps.cc(570)] Creating scheduled task
[1128/232006.398:INFO:installer.cc(659)] Finalizing successful installation
[1128/232006.398:INFO:installer.cc(977)] Installation succeeded
[1128/232006.398:INFO:backend_process_installer_runner_impl.cc(136)] Installer backend exiting
