[0530/181147.244:INFO:installer_main.cc(384)] Opera installer starting - version 53.0.2907.68 Stable
[0530/181147.244:INFO:installer_main.cc(387)] Command line: "C:\Users\LAMIJA~1\AppData\Local\Temp\opera autoupdate\CUsersLamija pcAppDataLocalProgramsOpera\installing\installer.exe" --backend --install --import-browser-data=1 --enable-stats=1 --enable-installer-stats=1 --launchopera=0 --installfolder="C:\Users\Lamija pc\AppData\Local\Programs\Opera" --profile-folder --language=en --setdefaultbrowser=0 --startmenushortcut=1 --desktopshortcut=0 --quicklaunchshortcut=1 --pintotaskbar=0 --server-tracking-data=server_tracking_data --initial-pid=3976 --crash-reporter-pid=5512 --package-dir="C:\Users\LAMIJA~1\AppData\Local\Temp\opera autoupdate\CUsersLamija pcAppDataLocalProgramsOpera\installing" --inside-package --session-guid=9b279a63-d6c0-4bb3-afb7-8f26068d2853 --autoupdate --silent --wait-for-package --initial-proc-handle=E804000000000000
[0530/181147.245:INFO:installer_main.cc(403)] Install folder from command line: C:\Users\Lamija pc\AppData\Local\Programs\Opera
[0530/181147.245:INFO:installer_main.cc(406)] Uninstall:0
[0530/181147.245:INFO:installer_main.cc(407)] Silent:1
[0530/181147.245:INFO:installer_main.cc(408)] Run Immediately0
[0530/181147.245:INFO:installer_main.cc(410)] Backend1
[0530/181147.245:INFO:installer_main.cc(411)] Inside package1
[0530/181147.245:INFO:installer_main.cc(412)] Autoupdate:1
[0530/181147.251:INFO:resource_l10n_handler.cc(101)] Language not in the available languages list: 
[0530/181147.252:INFO:resource_l10n_handler.cc(107)] Trying language from system preferred list: en-US
[0530/181147.252:INFO:resource_l10n_handler.cc(150)] Retrying after adjustments: en-US
[0530/181147.252:INFO:resource_l10n_handler.cc(107)] Trying language from system preferred list: en
[0530/181147.386:INFO:settings_impl.cc(1143)] Install folder set: C:\Users\Lamija pc\AppData\Local\Programs\Opera
[0530/181147.386:INFO:settings_impl.cc(1195)] Operation: 2
[0530/181147.386:INFO:installer.cc(133)] Beginning installation
[0530/181147.387:INFO:installer.cc(415)] Write privileges for install folder: 1
[0530/181147.387:INFO:installer.cc(148)] Need to wait for actual package
[0530/181147.697:INFO:installer.cc(177)] Package is ready
[0530/181149.412:INFO:installer.cc(223)] Running installer from the package with command line: "C:\Users\Lamija pc\AppData\Local\Programs\Opera\53.0.2907.68\installer.exe" --backend --initial-pid=3976 --install --import-browser-data=1 --enable-stats=1 --enable-installer-stats=1 --launchopera=0 --installfolder="C:\Users\Lamija pc\AppData\Local\Programs\Opera" --profile-folder --language=en --setdefaultbrowser=0 --startmenushortcut=1 --desktopshortcut=0 --quicklaunchshortcut=1 --pintotaskbar=0 --server-tracking-data=server_tracking_data --crash-reporter-pid=5512 --install-subfolder=53.0.2907.68 --package-dir="C:\Users\LAMIJA~1\AppData\Local\Temp\opera autoupdate\CUsersLamija pcAppDataLocalProgramsOpera\installing" --inside-package --session-guid=9b279a63-d6c0-4bb3-afb7-8f26068d2853 --autoupdate --silent
[0530/181157.131:INFO:installer.cc(930)] Installation succeeded
[0530/181157.132:INFO:backend_process_installer_runner_impl.cc(134)] Installer backend exiting
[0530/181157.132:ERROR:ipc_sender.cc(104)] Cannot write to mailslot: Reached the end of the file. (0x26)
[0530/181157.132:ERROR:ipc_sender.cc(104)] Cannot write to mailslot: Reached the end of the file. (0x26)
