[0613/184630.780:INFO:installer_main.cc(384)] Opera installer starting - version 53.0.2907.99 Stable
[0613/184630.780:INFO:installer_main.cc(387)] Command line: "C:\Users\LAMIJA~1\AppData\Local\Temp\opera autoupdate\CUsersLamija pcAppDataLocalProgramsOpera\installing\installer.exe" --backend --install --import-browser-data=1 --enable-stats=1 --enable-installer-stats=1 --launchopera=0 --installfolder="C:\Users\Lamija pc\AppData\Local\Programs\Opera" --profile-folder --language=en --setdefaultbrowser=0 --startmenushortcut=1 --desktopshortcut=0 --quicklaunchshortcut=1 --pintotaskbar=0 --server-tracking-data=server_tracking_data --initial-pid=5904 --crash-reporter-pid=5920 --package-dir="C:\Users\LAMIJA~1\AppData\Local\Temp\opera autoupdate\CUsersLamija pcAppDataLocalProgramsOpera\installing" --inside-package --session-guid=68db3893-41bb-412b-b308-2217af86d455 --autoupdate --silent --wait-for-package --initial-proc-handle=EC04000000000000
[0613/184630.780:INFO:installer_main.cc(403)] Install folder from command line: C:\Users\Lamija pc\AppData\Local\Programs\Opera
[0613/184630.780:INFO:installer_main.cc(406)] Uninstall:0
[0613/184630.780:INFO:installer_main.cc(407)] Silent:1
[0613/184630.780:INFO:installer_main.cc(408)] Run Immediately0
[0613/184630.780:INFO:installer_main.cc(410)] Backend1
[0613/184630.780:INFO:installer_main.cc(411)] Inside package1
[0613/184630.780:INFO:installer_main.cc(412)] Autoupdate:1
[0613/184630.780:INFO:resource_l10n_handler.cc(101)] Language not in the available languages list: 
[0613/184630.780:INFO:resource_l10n_handler.cc(107)] Trying language from system preferred list: en-US
[0613/184630.780:INFO:resource_l10n_handler.cc(150)] Retrying after adjustments: en-US
[0613/184630.780:INFO:resource_l10n_handler.cc(107)] Trying language from system preferred list: en
[0613/184630.921:INFO:settings_impl.cc(1143)] Install folder set: C:\Users\Lamija pc\AppData\Local\Programs\Opera
[0613/184630.921:INFO:settings_impl.cc(1195)] Operation: 2
[0613/184630.921:INFO:installer.cc(133)] Beginning installation
[0613/184630.921:INFO:installer.cc(415)] Write privileges for install folder: 1
[0613/184630.921:INFO:installer.cc(148)] Need to wait for actual package
[0613/184631.234:INFO:installer.cc(177)] Package is ready
[0613/184711.731:INFO:installer.cc(223)] Running installer from the package with command line: "C:\Users\Lamija pc\AppData\Local\Programs\Opera\53.0.2907.99\installer.exe" --backend --initial-pid=5904 --install --import-browser-data=1 --enable-stats=1 --enable-installer-stats=1 --launchopera=0 --installfolder="C:\Users\Lamija pc\AppData\Local\Programs\Opera" --profile-folder --language=en --setdefaultbrowser=0 --startmenushortcut=1 --desktopshortcut=0 --quicklaunchshortcut=1 --pintotaskbar=0 --server-tracking-data=server_tracking_data --crash-reporter-pid=5920 --install-subfolder=53.0.2907.99 --package-dir="C:\Users\LAMIJA~1\AppData\Local\Temp\opera autoupdate\CUsersLamija pcAppDataLocalProgramsOpera\installing" --inside-package --session-guid=68db3893-41bb-412b-b308-2217af86d455 --autoupdate --silent
[0613/184723.400:INFO:installer.cc(930)] Installation succeeded
[0613/184723.400:ERROR:ipc_sender.cc(104)] Cannot write to mailslot: Reached the end of the file. (0x26)
[0613/184723.400:ERROR:ipc_sender.cc(104)] Cannot write to mailslot: Reached the end of the file. (0x26)
[0613/184723.587:INFO:backend_process_installer_runner_impl.cc(134)] Installer backend exiting
