[1023/154235.610:INFO:installer_main.cc(408)] Opera installer starting - version 56.0.3051.52 Stable
[1023/154235.610:INFO:installer_main.cc(411)] Command line: "C:\Users\LAMIJA~1\AppData\Local\Temp\opera autoupdate\CUsersLamija pcAppDataLocalProgramsOpera\installing\installer.exe" --backend --install --import-browser-data=1 --enable-stats=1 --enable-installer-stats=1 --launchopera=0 --installfolder="C:\Users\Lamija pc\AppData\Local\Programs\Opera" --profile-folder --language=en --setdefaultbrowser=0 --startmenushortcut=1 --desktopshortcut=0 --quicklaunchshortcut=1 --pintotaskbar=0 --server-tracking-data=server_tracking_data --initial-pid=1032 --package-dir="C:\Users\LAMIJA~1\AppData\Local\Temp\opera autoupdate\CUsersLamija pcAppDataLocalProgramsOpera\installing" --inside-package --session-guid=bee07e3e-b171-4999-ad7b-68285f3b38c2 --autoupdate --silent --wait-for-package --initial-proc-handle=C404000000000000
[1023/154235.610:INFO:installer_main.cc(432)] Install folder from command line: C:\Users\Lamija pc\AppData\Local\Programs\Opera
[1023/154235.610:INFO:installer_main.cc(435)] Uninstall:0
[1023/154235.610:INFO:installer_main.cc(436)] Silent:1
[1023/154235.610:INFO:installer_main.cc(437)] Run Immediately0
[1023/154235.610:INFO:installer_main.cc(439)] Backend1
[1023/154235.610:INFO:installer_main.cc(440)] Inside package1
[1023/154235.610:INFO:installer_main.cc(441)] Autoupdate:1
[1023/154235.626:INFO:resource_l10n_handler.cc(101)] Language not in the available languages list: 
[1023/154235.626:INFO:resource_l10n_handler.cc(107)] Trying language from system preferred list: en-US
[1023/154235.626:INFO:resource_l10n_handler.cc(150)] Retrying after adjustments: en-US
[1023/154235.626:INFO:resource_l10n_handler.cc(107)] Trying language from system preferred list: en
[1023/154235.766:INFO:settings_impl.cc(1164)] Install folder set: C:\Users\Lamija pc\AppData\Local\Programs\Opera
[1023/154235.766:INFO:settings_impl.cc(1219)] Operation: 2
[1023/154235.766:INFO:installer.cc(153)] Beginning installation
[1023/154235.766:INFO:installer.cc(437)] Write privileges for install folder: 1
[1023/154235.766:INFO:installer.cc(168)] Need to wait for actual package
[1023/154235.766:INFO:installer.cc(198)] Package is ready
[1023/154246.892:INFO:installer.cc(253)] Running installer from the package with command line: "C:\Users\Lamija pc\AppData\Local\Programs\Opera\56.0.3051.52\installer.exe" --backend --initial-pid=1032 --install --import-browser-data=1 --enable-stats=1 --enable-installer-stats=1 --launchopera=0 --installfolder="C:\Users\Lamija pc\AppData\Local\Programs\Opera" --profile-folder --language=en --setdefaultbrowser=0 --startmenushortcut=1 --desktopshortcut=0 --quicklaunchshortcut=1 --pintotaskbar=0 --server-tracking-data=server_tracking_data --install-subfolder=56.0.3051.52 --package-dir="C:\Users\LAMIJA~1\AppData\Local\Temp\opera autoupdate\CUsersLamija pcAppDataLocalProgramsOpera\installing" --inside-package --session-guid=bee07e3e-b171-4999-ad7b-68285f3b38c2 --autoupdate --silent
[1023/154254.526:INFO:installer.cc(977)] Installation succeeded
[1023/154254.526:INFO:backend_process_installer_runner_impl.cc(136)] Installer backend exiting
[1023/154254.526:ERROR:ipc_sender.cc(104)] Cannot write to mailslot: Reached the end of the file. (0x26)
[1023/154254.541:ERROR:ipc_sender.cc(104)] Cannot write to mailslot: Reached the end of the file. (0x26)
