[0801/201016.705:INFO:installer_main.cc(402)] Opera installer starting - version 54.0.2952.64 Stable
[0801/201016.705:INFO:installer_main.cc(405)] Command line: "C:\Users\LAMIJA~1\AppData\Local\Temp\opera autoupdate\CUsersLamija pcAppDataLocalProgramsOpera\installing\installer.exe" --backend --install --import-browser-data=1 --enable-stats=1 --enable-installer-stats=1 --launchopera=0 --installfolder="C:\Users\Lamija pc\AppData\Local\Programs\Opera" --profile-folder --language=en --setdefaultbrowser=0 --startmenushortcut=1 --desktopshortcut=0 --quicklaunchshortcut=1 --pintotaskbar=0 --server-tracking-data=server_tracking_data --initial-pid=1884 --crash-reporter-pid=4648 --package-dir="C:\Users\LAMIJA~1\AppData\Local\Temp\opera autoupdate\CUsersLamija pcAppDataLocalProgramsOpera\installing" --inside-package --session-guid=ec95a706-8939-44e7-ad0b-388ce3debcfc --autoupdate --silent --wait-for-package --initial-proc-handle=E804000000000000
[0801/201016.705:INFO:installer_main.cc(421)] Install folder from command line: C:\Users\Lamija pc\AppData\Local\Programs\Opera
[0801/201016.705:INFO:installer_main.cc(424)] Uninstall:0
[0801/201016.705:INFO:installer_main.cc(425)] Silent:1
[0801/201016.705:INFO:installer_main.cc(426)] Run Immediately0
[0801/201016.705:INFO:installer_main.cc(428)] Backend1
[0801/201016.705:INFO:installer_main.cc(429)] Inside package1
[0801/201016.705:INFO:installer_main.cc(430)] Autoupdate:1
[0801/201016.705:INFO:resource_l10n_handler.cc(101)] Language not in the available languages list: 
[0801/201016.705:INFO:resource_l10n_handler.cc(107)] Trying language from system preferred list: en-US
[0801/201016.705:INFO:resource_l10n_handler.cc(150)] Retrying after adjustments: en-US
[0801/201016.705:INFO:resource_l10n_handler.cc(107)] Trying language from system preferred list: en
[0801/201016.862:INFO:settings_impl.cc(1158)] Install folder set: C:\Users\Lamija pc\AppData\Local\Programs\Opera
[0801/201016.862:INFO:settings_impl.cc(1210)] Operation: 2
[0801/201016.862:INFO:installer.cc(157)] Beginning installation
[0801/201016.862:INFO:installer.cc(461)] Write privileges for install folder: 1
[0801/201016.862:INFO:installer.cc(172)] Need to wait for actual package
[0801/201016.862:INFO:installer.cc(201)] Package is ready
[0801/201025.190:INFO:installer.cc(256)] Running installer from the package with command line: "C:\Users\Lamija pc\AppData\Local\Programs\Opera\54.0.2952.64\installer.exe" --backend --initial-pid=1884 --install --import-browser-data=1 --enable-stats=1 --enable-installer-stats=1 --launchopera=0 --installfolder="C:\Users\Lamija pc\AppData\Local\Programs\Opera" --profile-folder --language=en --setdefaultbrowser=0 --startmenushortcut=1 --desktopshortcut=0 --quicklaunchshortcut=1 --pintotaskbar=0 --server-tracking-data=server_tracking_data --crash-reporter-pid=6420 --install-subfolder=54.0.2952.64 --package-dir="C:\Users\LAMIJA~1\AppData\Local\Temp\opera autoupdate\CUsersLamija pcAppDataLocalProgramsOpera\installing" --inside-package --session-guid=ec95a706-8939-44e7-ad0b-388ce3debcfc --autoupdate --silent
[0801/201029.937:INFO:installer.cc(978)] Installation succeeded
[0801/201029.937:INFO:backend_process_installer_runner_impl.cc(134)] Installer backend exiting
[0801/201030.035:ERROR:ipc_sender.cc(104)] Cannot write to mailslot: Reached the end of the file. (0x26)
[0801/201030.036:ERROR:ipc_sender.cc(104)] Cannot write to mailslot: Reached the end of the file. (0x26)
